0 info it worked if it ends with ok
1 verbose cli [ 'C:\\Program Files\\nodejs\\node.exe',
1 verbose cli   'C:\\Program Files\\nodejs\\node_modules\\npm\\bin\\npm-cli.js',
1 verbose cli   'start' ]
2 info using npm@6.4.1
3 info using node@v10.15.3
4 verbose run-script [ 'prestart', 'start', 'poststart' ]
5 info lifecycle nest-auth@0.0.1~prestart: nest-auth@0.0.1
6 info lifecycle nest-auth@0.0.1~start: nest-auth@0.0.1
7 verbose lifecycle nest-auth@0.0.1~start: unsafe-perm in lifecycle true
8 verbose lifecycle nest-auth@0.0.1~start: PATH: C:\Program Files\nodejs\node_modules\npm\node_modules\npm-lifecycle\node-gyp-bin;C:\Users\a.pintilei\Projects\nest\nest-auth\node_modules\.bin;C:\Program Files (x86)\Common Files\Oracle\Java\javapath;C:\WINDOWS\system32;C:\WINDOWS;C:\WINDOWS\System32\Wbem;C:\WINDOWS\System32\WindowsPowerShell\v1.0\;C:\WINDOWS\System32\OpenSSH\;C:\Program Files\nodejs\;C:\Users\a.pintilei\AppData\Local\Microsoft\WindowsApps;C:\Users\a.pintilei\AppData\Local\Programs\Microsoft VS Code\bin;C:\Users\a.pintilei\AppData\Roaming\npm;C:\Users\a.pintilei\AppData\Local\Programs\Git\cmd;
9 verbose lifecycle nest-auth@0.0.1~start: CWD: C:\Users\a.pintilei\Projects\nest\nest-auth
10 silly lifecycle nest-auth@0.0.1~start: Args: [ '/d /s /c', 'ts-node -r tsconfig-paths/register src/main.ts' ]
11 silly lifecycle nest-auth@0.0.1~start: Returned: code: 1  signal: null
12 info lifecycle nest-auth@0.0.1~start: Failed to exec start script
13 verbose stack Error: nest-auth@0.0.1 start: `ts-node -r tsconfig-paths/register src/main.ts`
13 verbose stack Exit status 1
13 verbose stack     at EventEmitter.<anonymous> (C:\Program Files\nodejs\node_modules\npm\node_modules\npm-lifecycle\index.js:301:16)
13 verbose stack     at EventEmitter.emit (events.js:189:13)
13 verbose stack     at ChildProcess.<anonymous> (C:\Program Files\nodejs\node_modules\npm\node_modules\npm-lifecycle\lib\spawn.js:55:14)
13 verbose stack     at ChildProcess.emit (events.js:189:13)
13 verbose stack     at maybeClose (internal/child_process.js:970:16)
13 verbose stack     at Process.ChildProcess._handle.onexit (internal/child_process.js:259:5)
14 verbose pkgid nest-auth@0.0.1
15 verbose cwd C:\Users\a.pintilei\Projects\nest\nest-auth
16 verbose Windows_NT 10.0.17763
17 verbose argv "C:\\Program Files\\nodejs\\node.exe" "C:\\Program Files\\nodejs\\node_modules\\npm\\bin\\npm-cli.js" "start"
18 verbose node v10.15.3
19 verbose npm  v6.4.1
20 error code ELIFECYCLE
21 error errno 1
22 error nest-auth@0.0.1 start: `ts-node -r tsconfig-paths/register src/main.ts`
22 error Exit status 1
23 error Failed at the nest-auth@0.0.1 start script.
23 error This is probably not a problem with npm. There is likely additional logging output above.
24 verbose exit [ 1, true ]
